src/app/(dashboard)/dashboard/review/page.tsx(9,26): error TS2307: Cannot find module '@/components/ui/use-toast' or its corresponding type declarations.
src/app/(dashboard)/dashboard/review/page.tsx(28,75): error TS2698: Spread types may only be created from object types.
src/components/dashboard/settings-form.tsx(8,26): error TS2307: Cannot find module '@/components/ui/use-toast' or its corresponding type declarations.
src/middleware.ts(17,12): error TS2554: Expected 2 arguments, but got 1.
